[2026-04-05T03:34:17Z INFO  inferno_wasapi] Starting inferno_wasapi
[2026-04-05T03:34:21Z INFO  inferno_wasapi] Device name: F53ZDD3
[2026-04-05T03:34:22Z INFO  inferno_wasapi] IP: 192.168.1.37
[2026-04-05T03:34:22Z INFO  inferno_wasapi] Channels: 2
[2026-04-05T03:34:22Z INFO  inferno_wasapi] Sample rate: 48000 Hz
[2026-04-05T03:34:22Z INFO  inferno_aoip::state_storage] using state directory: C:\Users\jjassies\AppData\Local\inferno_aoip\0000c0a801250000
[2026-04-05T03:34:22Z INFO  inferno_aoip::device_server] clock path: None
[2026-04-05T03:34:22Z INFO  inferno_aoip::device_server] waiting for clock
[2026-04-05T03:34:22Z INFO  inferno_aoip::device_server] clock ready
[2026-04-05T03:34:22Z INFO  inferno_aoip::device_server] all common tasks spawned
[2026-04-05T03:34:22Z INFO  inferno_wasapi] Dante device server started -- device should appear in Dante Controller

thread 'tokio-rt-worker' (9380) panicked at inferno_aoip\src\util\net.rs:39:29:
error starting really needed listener: Os { code: 10048, kind: AddrInUse, message: "Only one usage of each socket address (protocol/network address/port) is normally permitted." }
note: run with `RUST_BACKTRACE=1` environment variable to display a backtrace

thread 'tokio-rt-worker' (31864) panicked at inferno_aoip\src\util\net.rs:39:29:
error starting really needed listener: Os { code: 10048, kind: AddrInUse, message: "Only one usage of each socket address (protocol/network address/port) is normally permitted." }

thread 'tokio-rt-worker' (45336) panicked at inferno_aoip\src\util\net.rs:39:29:
error starting really needed listener: Os { code: 10048, kind: AddrInUse, message: "Only one usage of each socket address (protocol/network address/port) is normally permitted." }
[2026-04-05T03:34:22Z DEBUG wasapi::api] default device Ok("Speakers (Realtek(R) Audio)")
[2026-04-05T03:34:22Z INFO  inferno_wasapi] Using WASAPI device: Speakers (Realtek(R) Audio)
[2026-04-05T03:34:22Z INFO  inferno_wasapi] WASAPI stream started (blockalign=8 bytes/frame)
[2026-04-05T03:34:22Z INFO  inferno_wasapi] Streaming Dante -> WASAPI. Press Ctrl+C to stop.
[2026-04-05T03:34:22Z WARN  inferno_aoip::device_server::channels_subscriber] Unable to load state (this is normal in first run): Os { code: 2, kind: NotFound, message: "The system cannot find the file specified." }
